make --dry-run --always-make --keep-going --print-directory
make: Entering directory '/home/alcristi/Desktop/My_Project/Push_swap/libft'
gcc -I. -o ft_atoi.o -c ft_atoi.c -Wall -Wextra -Werror
gcc -I. -o ft_calloc.o -c ft_calloc.c -Wall -Wextra -Werror
gcc -I. -o ft_memset.o -c ft_memset.c -Wall -Wextra -Werror
gcc -I. -o ft_bzero.o -c ft_bzero.c -Wall -Wextra -Werror
gcc -I. -o ft_memcpy.o -c ft_memcpy.c -Wall -Wextra -Werror
gcc -I. -o ft_memmove.o -c ft_memmove.c -Wall -Wextra -Werror
gcc -I. -o ft_memchr.o -c ft_memchr.c -Wall -Wextra -Werror
gcc -I. -o ft_memcmp.o -c ft_memcmp.c -Wall -Wextra -Werror
gcc -I. -o ft_toupper.o -c ft_toupper.c -Wall -Wextra -Werror
gcc -I. -o ft_tolower.o -c ft_tolower.c -Wall -Wextra -Werror
gcc -I. -o ft_striteri.o -c ft_striteri.c -Wall -Wextra -Werror
gcc -I. -o ft_strlen.o -c ft_strlen.c -Wall -Wextra -Werror
gcc -I. -o ft_strlcpy.o -c ft_strlcpy.c -Wall -Wextra -Werror
gcc -I. -o ft_strlcat.o -c ft_strlcat.c -Wall -Wextra -Werror
gcc -I. -o ft_strchr.o -c ft_strchr.c -Wall -Wextra -Werror
gcc -I. -o ft_strrchr.o -c ft_strrchr.c -Wall -Wextra -Werror
gcc -I. -o ft_strdup.o -c ft_strdup.c -Wall -Wextra -Werror
gcc -I. -o ft_strncmp.o -c ft_strncmp.c -Wall -Wextra -Werror
gcc -I. -o ft_strnstr.o -c ft_strnstr.c -Wall -Wextra -Werror
gcc -I. -o ft_substr.o -c ft_substr.c -Wall -Wextra -Werror
gcc -I. -o ft_strtrim.o -c ft_strtrim.c -Wall -Wextra -Werror
gcc -I. -o ft_strmapi.o -c ft_strmapi.c -Wall -Wextra -Werror
gcc -I. -o ft_strjoin.o -c ft_strjoin.c -Wall -Wextra -Werror
gcc -I. -o ft_isalpha.o -c ft_isalpha.c -Wall -Wextra -Werror
gcc -I. -o ft_isdigit.o -c ft_isdigit.c -Wall -Wextra -Werror
gcc -I. -o ft_isalnum.o -c ft_isalnum.c -Wall -Wextra -Werror
gcc -I. -o ft_isascii.o -c ft_isascii.c -Wall -Wextra -Werror
gcc -I. -o ft_isprint.o -c ft_isprint.c -Wall -Wextra -Werror
gcc -I. -o ft_putchar_fd.o -c ft_putchar_fd.c -Wall -Wextra -Werror
gcc -I. -o ft_putstr_fd.o -c ft_putstr_fd.c -Wall -Wextra -Werror
gcc -I. -o ft_putendl_fd.o -c ft_putendl_fd.c -Wall -Wextra -Werror
gcc -I. -o ft_putnbr_fd.o -c ft_putnbr_fd.c -Wall -Wextra -Werror
gcc -I. -o ft_itoa.o -c ft_itoa.c -Wall -Wextra -Werror
gcc -I. -o ft_split.o -c ft_split.c -Wall -Wextra -Werror
gcc -I. -o get_next_line.o -c get_next_line.c -Wall -Wextra -Werror
ar -rc libft.a ft_atoi.o ft_calloc.o ft_memset.o ft_bzero.o ft_memcpy.o ft_memmove.o ft_memchr.o ft_memcmp.o ft_toupper.o ft_tolower.o ft_striteri.o ft_strlen.o ft_strlcpy.o ft_strlcat.o ft_strchr.o ft_strrchr.o ft_strdup.o ft_strncmp.o ft_strlcpy.o ft_strlcat.o ft_strnstr.o ft_substr.o ft_strtrim.o ft_strmapi.o ft_strjoin.o ft_isalpha.o ft_isdigit.o ft_isalnum.o ft_isascii.o ft_isprint.o ft_putchar_fd.o ft_putstr_fd.o ft_putendl_fd.o ft_putnbr_fd.o ft_itoa.o ft_split.o get_next_line.o
ranlib libft.a
make: Leaving directory '/home/alcristi/Desktop/My_Project/Push_swap/libft'
 
